[INFO] Scanning for projects...
[INFO] 
[INFO] -----------------< com.booking.system:booking_system >------------------
[INFO] Building  0.0.1-SNAPSHOT
[INFO]   from pom.xml
[INFO] --------------------------------[ jar ]---------------------------------
[INFO] 
[INFO] >>> spring-boot:4.0.5:run (default-cli) > test-compile @ booking_system >>>
[INFO] 
[INFO] --- resources:3.3.1:resources (default-resources) @ booking_system ---
[INFO] Copying 1 resource from src\main\resources to target\classes
[INFO] Copying 3 resources from src\main\resources to target\classes
[INFO] 
[INFO] --- compiler:3.14.1:compile (default-compile) @ booking_system ---
[INFO] Nothing to compile - all classes are up to date.
[INFO] 
[INFO] --- resources:3.3.1:testResources (default-testResources) @ booking_system ---
[INFO] skip non existing resourceDirectory c:\Users\Modar Ali\Desktop\tss\booking_system\src\test\resources
[INFO] 
[INFO] --- compiler:3.14.1:testCompile (default-testCompile) @ booking_system ---
[INFO] Recompiling the module because of added or removed source files.
[INFO] Compiling 1 source file with javac [debug parameters release 21] to target\test-classes
[INFO] 
[INFO] <<< spring-boot:4.0.5:run (default-cli) < test-compile @ booking_system <<<
[INFO] 
[INFO] 
[INFO] --- spring-boot:4.0.5:run (default-cli) @ booking_system ---
[INFO] Attaching agents: []

  .   ____          _            __ _ _
 /\\ / ___'_ __ _ _(_)_ __  __ _ \ \ \ \
( ( )\___ | '_ | '_| | '_ \/ _` | \ \ \ \
 \\/  ___)| |_)| | | | | || (_| |  ) ) ) )
  '  |____| .__|_| |_|_| |_\__, | / / / /
 =========|_|==============|___/=/_/_/_/

 :: Spring Boot ::                (v4.0.5)

2026-04-07T11:28:33.676+03:00  INFO 16608 --- [booking_system] [           main] c.b.s.b.BookingSystemApplication         : Starting BookingSystemApplication using Java 22 with PID 16608 (C:\Users\Modar Ali\Desktop\tss\booking_system\target\classes started by Modar Ali in c:\Users\Modar Ali\Desktop\tss\booking_system)
2026-04-07T11:28:33.678+03:00  INFO 16608 --- [booking_system] [           main] c.b.s.b.BookingSystemApplication         : No active profile set, falling back to 1 default profile: "default"
2026-04-07T11:28:34.517+03:00  INFO 16608 --- [booking_system] [           main] .s.d.r.c.RepositoryConfigurationDelegate : Bootstrapping Spring Data JPA repositories in DEFAULT mode.
2026-04-07T11:28:34.603+03:00  INFO 16608 --- [booking_system] [           main] .s.d.r.c.RepositoryConfigurationDelegate : Finished Spring Data repository scanning in 76 ms. Found 6 JPA repository interfaces.
2026-04-07T11:28:35.301+03:00  INFO 16608 --- [booking_system] [           main] o.s.boot.tomcat.TomcatWebServer          : Tomcat initialized with port 8080 (http)
2026-04-07T11:28:35.324+03:00  INFO 16608 --- [booking_system] [           main] o.apache.catalina.core.StandardService   : Starting service [Tomcat]
2026-04-07T11:28:35.325+03:00  INFO 16608 --- [booking_system] [           main] o.apache.catalina.core.StandardEngine    : Starting Servlet engine: [Apache Tomcat/11.0.20]
2026-04-07T11:28:35.438+03:00  INFO 16608 --- [booking_system] [           main] b.w.c.s.WebApplicationContextInitializer : Root WebApplicationContext: initialization completed in 1710 ms
2026-04-07T11:28:35.730+03:00  INFO 16608 --- [booking_system] [           main] org.hibernate.orm.jpa                    : HHH008540: Processing PersistenceUnitInfo [name: default]
2026-04-07T11:28:35.815+03:00  INFO 16608 --- [booking_system] [           main] org.hibernate.orm.core                   : HHH000001: Hibernate ORM core version 7.2.7.Final
2026-04-07T11:28:36.411+03:00  INFO 16608 --- [booking_system] [           main] o.s.o.j.p.SpringPersistenceUnitInfo      : No LoadTimeWeaver setup: ignoring JPA class transformer
2026-04-07T11:28:36.452+03:00  INFO 16608 --- [booking_system] [           main] com.zaxxer.hikari.HikariDataSource       : HikariPool-1 - Starting...
2026-04-07T11:28:36.898+03:00  INFO 16608 --- [booking_system] [           main] com.zaxxer.hikari.pool.HikariPool        : HikariPool-1 - Added connection com.mysql.cj.jdbc.ConnectionImpl@4bca8eaf
2026-04-07T11:28:36.900+03:00  INFO 16608 --- [booking_system] [           main] com.zaxxer.hikari.HikariDataSource       : HikariPool-1 - Start completed.
2026-04-07T11:28:36.973+03:00  WARN 16608 --- [booking_system] [           main] org.hibernate.orm.deprecation            : HHH90000025: MySQLDialect does not need to be specified explicitly using 'hibernate.dialect' (remove the property setting and it will be selected by default)
2026-04-07T11:28:36.994+03:00  INFO 16608 --- [booking_system] [           main] org.hibernate.orm.connections.pooling    : HHH10001005: Database info:
	Database JDBC URL [jdbc:mysql://localhost:3306/event_booking_db]
	Database driver: MySQL Connector/J
	Database dialect: MySQLDialect
	Database version: 8.0.40
	Default catalog/schema: event_booking_db/undefined
	Autocommit mode: undefined/unknown
	Isolation level: REPEATABLE_READ [default REPEATABLE_READ]
	JDBC fetch size: none
	Pool: DataSourceConnectionProvider
	Minimum pool size: undefined/unknown
	Maximum pool size: undefined/unknown
2026-04-07T11:28:38.483+03:00  INFO 16608 --- [booking_system] [           main] org.hibernate.orm.core                   : HHH000489: No JTA platform available (set 'hibernate.transaction.jta.platform' to enable JTA platform integration)
Hibernate: alter table bookings modify column status enum ('CANCELLED','CONFIRMED','PENDING') not null
Hibernate: alter table users modify column role enum ('ADMIN','USER') not null
2026-04-07T11:28:38.663+03:00  INFO 16608 --- [booking_system] [           main] j.LocalContainerEntityManagerFactoryBean : Initialized JPA EntityManagerFactory for persistence unit 'default'
2026-04-07T11:28:38.739+03:00  INFO 16608 --- [booking_system] [           main] o.s.d.j.r.query.QueryEnhancerFactories   : Hibernate is in classpath; If applicable, HQL parser will be used.
2026-04-07T11:28:39.799+03:00  INFO 16608 --- [booking_system] [           main] r$InitializeUserDetailsManagerConfigurer : Global AuthenticationManager configured with UserDetailsService bean with name customUserDetailsService
2026-04-07T11:28:39.879+03:00  WARN 16608 --- [booking_system] [           main] JpaBaseConfiguration$JpaWebConfiguration : spring.jpa.open-in-view is enabled by default. Therefore, database queries may be performed during view rendering. Explicitly configure spring.jpa.open-in-view to disable this warning
2026-04-07T11:28:40.166+03:00  INFO 16608 --- [booking_system] [           main] o.s.b.w.a.WelcomePageHandlerMapping      : Adding welcome page: class path resource [static/index.html]
2026-04-07T11:28:40.486+03:00  INFO 16608 --- [booking_system] [           main] o.s.boot.tomcat.TomcatWebServer          : Tomcat started on port 8080 (http) with context path '/'
2026-04-07T11:28:40.488+03:00  INFO 16608 --- [booking_system] [           main] c.b.s.b.BookingSystemApplication         : Started BookingSystemApplication in 7.364 seconds (process running for 7.817)
Hibernate: select u1_0.id,u1_0.created_at,u1_0.email,u1_0.full_name,u1_0.password,u1_0.role from users u1_0 where u1_0.email=?
2026-04-07T11:28:40.665+03:00  INFO 16608 --- [booking_system] [           main] c.b.s.b.config.DataInitializer           : Users already exist, skipping initialization.
^CTerminate batch job (Y/N)? 